<?xml version="1.0" encoding="UTF-8"?>
<coverage generated="1752300347217" clover="3.2.0">
  <project timestamp="1752300347217" name="All files">
    <metrics statements="30" coveredstatements="30" conditionals="16" coveredconditionals="16" methods="5" coveredmethods="5" elements="51" coveredelements="51" complexity="0" loc="30" ncloc="30" packages="1" files="1" classes="1"/>
    <file name="app.js" path="E:\DevOps\Prueba Tata\src\app.js">
      <metrics statements="30" coveredstatements="30" conditionals="16" coveredconditionals="16" methods="5" coveredmethods="5"/>
      <line num="6" count="1" type="stmt"/>
      <line num="8" count="1" type="stmt"/>
      <line num="9" count="1" type="stmt"/>
      <line num="12" count="1" type="stmt"/>
      <line num="13" count="1" type="stmt"/>
      <line num="16" count="1" type="stmt"/>
      <line num="17" count="8" type="stmt"/>
      <line num="18" count="8" type="cond" truecount="4" falsecount="0"/>
      <line num="19" count="1" type="stmt"/>
      <line num="21" count="7" type="stmt"/>
      <line num="25" count="1" type="stmt"/>
      <line num="26" count="7" type="stmt"/>
      <line num="27" count="7" type="cond" truecount="2" falsecount="0"/>
      <line num="28" count="1" type="stmt"/>
      <line num="30" count="6" type="stmt"/>
      <line num="32" count="6" type="stmt"/>
      <line num="34" count="4" type="stmt"/>
      <line num="36" count="2" type="stmt"/>
      <line num="41" count="1" type="stmt"/>
      <line num="42" count="4" type="cond" truecount="2" falsecount="0"/>
      <line num="43" count="2" type="stmt"/>
      <line num="45" count="2" type="stmt"/>
      <line num="48" count="1" type="stmt"/>
      <line num="49" count="2" type="stmt"/>
      <line num="51" count="2" type="cond" truecount="6" falsecount="0"/>
      <line num="52" count="1" type="stmt"/>
      <line num="55" count="1" type="stmt"/>
      <line num="61" count="1" type="cond" truecount="2" falsecount="0"/>
      <line num="62" count="1" type="stmt"/>
      <line num="63" count="1" type="stmt"/>
    </file>
  </project>
</coverage>
