{"E:\\DevOps\\Prueba Tata\\src\\app.js": {"path":"E:\\DevOps\\Prueba Tata\\src\\app.js","statementMap":{"0":{"start":{"line":6,"column":0},"end":{"line":6,"column":16}},"1":{"start":{"line":8,"column":12},"end":{"line":8,"column":21}},"2":{"start":{"line":9,"column":0},"end":{"line":9,"column":27}},"3":{"start":{"line":12,"column":16},"end":{"line":12,"column":35}},"4":{"start":{"line":13,"column":19},"end":{"line":13,"column":34}},"5":{"start":{"line":16,"column":0},"end":{"line":22,"column":3}},"6":{"start":{"line":17,"column":14},"end":{"line":17,"column":48}},"7":{"start":{"line":18,"column":2},"end":{"line":20,"column":3}},"8":{"start":{"line":19,"column":4},"end":{"line":19,"column":66}},"9":{"start":{"line":21,"column":2},"end":{"line":21,"column":9}},"10":{"start":{"line":25,"column":0},"end":{"line":38,"column":3}},"11":{"start":{"line":26,"column":16},"end":{"line":26,"column":39}},"12":{"start":{"line":27,"column":2},"end":{"line":29,"column":3}},"13":{"start":{"line":28,"column":4},"end":{"line":28,"column":62}},"14":{"start":{"line":30,"column":2},"end":{"line":37,"column":3}},"15":{"start":{"line":32,"column":20},"end":{"line":32,"column":49}},"16":{"start":{"line":34,"column":4},"end":{"line":34,"column":11}},"17":{"start":{"line":36,"column":4},"end":{"line":36,"column":62}},"18":{"start":{"line":41,"column":0},"end":{"line":46,"column":3}},"19":{"start":{"line":42,"column":2},"end":{"line":44,"column":3}},"20":{"start":{"line":43,"column":4},"end":{"line":43,"column":41}},"21":{"start":{"line":45,"column":2},"end":{"line":45,"column":9}},"22":{"start":{"line":48,"column":0},"end":{"line":58,"column":3}},"23":{"start":{"line":49,"column":47},"end":{"line":49,"column":55}},"24":{"start":{"line":51,"column":2},"end":{"line":53,"column":3}},"25":{"start":{"line":52,"column":4},"end":{"line":52,"column":41}},"26":{"start":{"line":55,"column":2},"end":{"line":57,"column":5}},"27":{"start":{"line":61,"column":13},"end":{"line":61,"column":37}},"28":{"start":{"line":62,"column":15},"end":{"line":64,"column":2}},"29":{"start":{"line":63,"column":2},"end":{"line":63,"column":49}}},"fnMap":{"0":{"name":"(anonymous_0)","decl":{"start":{"line":16,"column":8},"end":{"line":16,"column":9}},"loc":{"start":{"line":16,"column":28},"end":{"line":22,"column":1}},"line":16},"1":{"name":"(anonymous_1)","decl":{"start":{"line":25,"column":8},"end":{"line":25,"column":9}},"loc":{"start":{"line":25,"column":28},"end":{"line":38,"column":1}},"line":25},"2":{"name":"(anonymous_2)","decl":{"start":{"line":41,"column":19},"end":{"line":41,"column":20}},"loc":{"start":{"line":41,"column":39},"end":{"line":46,"column":1}},"line":41},"3":{"name":"(anonymous_3)","decl":{"start":{"line":48,"column":20},"end":{"line":48,"column":21}},"loc":{"start":{"line":48,"column":34},"end":{"line":58,"column":1}},"line":48},"4":{"name":"(anonymous_4)","decl":{"start":{"line":62,"column":32},"end":{"line":62,"column":33}},"loc":{"start":{"line":62,"column":38},"end":{"line":64,"column":1}},"line":62}},"branchMap":{"0":{"loc":{"start":{"line":18,"column":2},"end":{"line":20,"column":3}},"type":"if","locations":[{"start":{"line":18,"column":2},"end":{"line":20,"column":3}},{"start":{},"end":{}}],"line":18},"1":{"loc":{"start":{"line":18,"column":6},"end":{"line":18,"column":29}},"type":"binary-expr","locations":[{"start":{"line":18,"column":6},"end":{"line":18,"column":10}},{"start":{"line":18,"column":14},"end":{"line":18,"column":29}}],"line":18},"2":{"loc":{"start":{"line":27,"column":2},"end":{"line":29,"column":3}},"type":"if","locations":[{"start":{"line":27,"column":2},"end":{"line":29,"column":3}},{"start":{},"end":{}}],"line":27},"3":{"loc":{"start":{"line":42,"column":2},"end":{"line":44,"column":3}},"type":"if","locations":[{"start":{"line":42,"column":2},"end":{"line":44,"column":3}},{"start":{},"end":{}}],"line":42},"4":{"loc":{"start":{"line":51,"column":2},"end":{"line":53,"column":3}},"type":"if","locations":[{"start":{"line":51,"column":2},"end":{"line":53,"column":3}},{"start":{},"end":{}}],"line":51},"5":{"loc":{"start":{"line":51,"column":6},"end":{"line":51,"column":67}},"type":"binary-expr","locations":[{"start":{"line":51,"column":6},"end":{"line":51,"column":14}},{"start":{"line":51,"column":18},"end":{"line":51,"column":21}},{"start":{"line":51,"column":25},"end":{"line":51,"column":30}},{"start":{"line":51,"column":34},"end":{"line":51,"column":67}}],"line":51},"6":{"loc":{"start":{"line":61,"column":13},"end":{"line":61,"column":37}},"type":"binary-expr","locations":[{"start":{"line":61,"column":13},"end":{"line":61,"column":29}},{"start":{"line":61,"column":33},"end":{"line":61,"column":37}}],"line":61}},"s":{"0":1,"1":1,"2":1,"3":1,"4":1,"5":1,"6":8,"7":8,"8":1,"9":7,"10":1,"11":7,"12":7,"13":1,"14":6,"15":6,"16":4,"17":2,"18":1,"19":4,"20":2,"21":2,"22":1,"23":2,"24":2,"25":1,"26":1,"27":1,"28":1,"29":1},"f":{"0":8,"1":7,"2":4,"3":2,"4":1},"b":{"0":[1,7],"1":[8,7],"2":[1,6],"3":[2,2],"4":[1,1],"5":[2,1,1,1],"6":[1,1]},"_coverageSchema":"1a1c01bbd47fc00a2c39e90264f33305004495a9","hash":"c6057d59cc3da91d8f6b8f56eddc8a9a50ae6a97"}
}
