TN:
SF:src\app.js
FN:16,(anonymous_0)
FN:25,(anonymous_1)
FN:41,(anonymous_2)
FN:48,(anonymous_3)
FN:62,(anonymous_4)
FNF:5
FNH:5
FNDA:8,(anonymous_0)
FNDA:7,(anonymous_1)
FNDA:4,(anonymous_2)
FNDA:2,(anonymous_3)
FNDA:1,(anonymous_4)
DA:6,1
DA:8,1
DA:9,1
DA:12,1
DA:13,1
DA:16,1
DA:17,8
DA:18,8
DA:19,1
DA:21,7
DA:25,1
DA:26,7
DA:27,7
DA:28,1
DA:30,6
DA:32,6
DA:34,4
DA:36,2
DA:41,1
DA:42,4
DA:43,2
DA:45,2
DA:48,1
DA:49,2
DA:51,2
DA:52,1
DA:55,1
DA:61,1
DA:62,1
DA:63,1
LF:30
LH:30
BRDA:18,0,0,1
BRDA:18,0,1,7
BRDA:18,1,0,8
BRDA:18,1,1,7
BRDA:27,2,0,1
BRDA:27,2,1,6
BRDA:42,3,0,2
BRDA:42,3,1,2
BRDA:51,4,0,1
BRDA:51,4,1,1
BRDA:51,5,0,2
BRDA:51,5,1,1
BRDA:51,5,2,1
BRDA:51,5,3,1
BRDA:61,6,0,1
BRDA:61,6,1,1
BRF:16
BRH:16
end_of_record
